<!DOCTYPE html>

<html>
  <head>
  <meta charset='utf-8'>
  <title>TestNG reports</title>

    <link type="text/css" href="testng-reports1.css" rel="stylesheet" id="ultra" />
    <link type="text/css" href="testng-reports.css" rel="stylesheet" id="retro" disabled="false"/>
    <script type="text/javascript" src="jquery-3.6.0.min.js"></script>
    <script type="text/javascript" src="testng-reports.js"></script>
    <script type="text/javascript" src="https://www.google.com/jsapi"></script>
    <script type='text/javascript'>
      google.load('visualization', '1', {packages:['table']});
      google.setOnLoadCallback(drawTable);
      var suiteTableInitFunctions = new Array();
      var suiteTableData = new Array();
    </script>
    <!--
      <script type="text/javascript" src="jquery-ui/js/jquery-ui-1.8.16.custom.min.js"></script>
     -->
  </head>

  <body>    <div class="top-banner-root">
      <span class="top-banner-title-font">Test results</span>
      <button id="button" class="button">Switch Retro Theme</button> <!-- button -->
      <br/>
      <span class="top-banner-font-1">1 suite, 16 failed tests</span>
    </div> <!-- top-banner-root -->
    <div class="navigator-root">
      <div class="navigator-suite-header">
        <span>All suites</span>
        <a href="#" title="Collapse/expand all the suites" class="collapse-all-link">
          <img src="collapseall.gif" class="collapse-all-icon">
          </img> <!-- collapse-all-icon -->
        </a> <!-- collapse-all-link -->
      </div> <!-- navigator-suite-header -->
      <div class="suite">
        <div class="rounded-window">
          <div class="suite-header light-rounded-window-top">
            <a href="#" panel-name="suite-U_Ask_Chatbot_Test_Suite" class="navigator-link">
              <span class="suite-name border-failed">U-Ask Chatbot Test Suite</span>
            </a> <!-- navigator-link -->
          </div> <!-- suite-header light-rounded-window-top -->
          <div class="navigator-suite-content">
            <div class="suite-section-title">
              <span>Info</span>
            </div> <!-- suite-section-title -->
            <div class="suite-section-content">
              <ul>
                <li>
                  <a href="#" panel-name="test-xml-U_Ask_Chatbot_Test_Suite" class="navigator-link ">
                    <span>testng.xml</span>
                  </a> <!-- navigator-link  -->
                </li>
                <li>
                  <a href="#" panel-name="testlist-U_Ask_Chatbot_Test_Suite" class="navigator-link ">
                    <span class="test-stats">2 tests</span>
                  </a> <!-- navigator-link  -->
                </li>
                <li>
                  <a href="#" panel-name="group-U_Ask_Chatbot_Test_Suite" class="navigator-link ">
                    <span>0 groups</span>
                  </a> <!-- navigator-link  -->
                </li>
                <li>
                  <a href="#" panel-name="times-U_Ask_Chatbot_Test_Suite" class="navigator-link ">
                    <span>Times</span>
                  </a> <!-- navigator-link  -->
                </li>
                <li>
                  <a href="#" panel-name="reporter-U_Ask_Chatbot_Test_Suite" class="navigator-link ">
                    <span>Reporter output</span>
                  </a> <!-- navigator-link  -->
                </li>
                <li>
                  <a href="#" panel-name="ignored-methods-U_Ask_Chatbot_Test_Suite" class="navigator-link ">
                    <span>Ignored methods</span>
                  </a> <!-- navigator-link  -->
                </li>
                <li>
                  <a href="#" panel-name="chronological-U_Ask_Chatbot_Test_Suite" class="navigator-link ">
                    <span>Chronological view</span>
                  </a> <!-- navigator-link  -->
                </li>
              </ul>
            </div> <!-- suite-section-content -->
            <div class="result-section">
              <div class="suite-section-title">
                <span>Results</span>
              </div> <!-- suite-section-title -->
              <div class="suite-section-content">
                <ul>
                  <li>
                    <span class="method-stats">26 methods, 16 failed,   10 passed</span>
                  </li>
                  <li>
                    <span class="method-list-title failed">Failed methods</span>
                    <span class="show-or-hide-methods failed">
                      <a href="#" panel-name="suite-U_Ask_Chatbot_Test_Suite" class="hide-methods failed suite-U_Ask_Chatbot_Test_Suite"> (hide)</a> <!-- hide-methods failed suite-U_Ask_Chatbot_Test_Suite -->
                      <a href="#" panel-name="suite-U_Ask_Chatbot_Test_Suite" class="show-methods failed suite-U_Ask_Chatbot_Test_Suite"> (show)</a> <!-- show-methods failed suite-U_Ask_Chatbot_Test_Suite -->
                    </span>
                    <div class="method-list-content failed suite-U_Ask_Chatbot_Test_Suite">
                      <span>
                        <img src="failed.png" width="3%"/>
                        <a href="#" panel-name="suite-U_Ask_Chatbot_Test_Suite" title="tests.ChatbotUITests" class="method navigator-link" hash-for-method="testChatInterfaceLoads">testChatInterfaceLoads</a> <!-- method navigator-link -->
                      </span>
                      <br/>
                      <span>
                        <img src="failed.png" width="3%"/>
                        <a href="#" panel-name="suite-U_Ask_Chatbot_Test_Suite" title="tests.ChatbotUITests" class="method navigator-link" hash-for-method="testChatInterfaceLoads">testChatInterfaceLoads</a> <!-- method navigator-link -->
                      </span>
                      <br/>
                      <span>
                        <img src="failed.png" width="3%"/>
                        <a href="#" panel-name="suite-U_Ask_Chatbot_Test_Suite" title="tests.AIResponseTests" class="method navigator-link" hash-for-method="testCommonQueriesResponseQuality">testCommonQueriesResponseQuality</a> <!-- method navigator-link -->
                      </span>
                      <br/>
                      <span>
                        <img src="failed.png" width="3%"/>
                        <a href="#" panel-name="suite-U_Ask_Chatbot_Test_Suite" title="tests.AIResponseTests" class="method navigator-link" hash-for-method="testCommonQueriesResponseQuality">testCommonQueriesResponseQuality</a> <!-- method navigator-link -->
                      </span>
                      <br/>
                      <span>
                        <img src="failed.png" width="3%"/>
                        <a href="#" panel-name="suite-U_Ask_Chatbot_Test_Suite" title="tests.AIResponseTests" class="method navigator-link" hash-for-method="testFallbackMessages">testFallbackMessages</a> <!-- method navigator-link -->
                      </span>
                      <br/>
                      <span>
                        <img src="failed.png" width="3%"/>
                        <a href="#" panel-name="suite-U_Ask_Chatbot_Test_Suite" title="tests.ChatbotUITests" class="method navigator-link" hash-for-method="testInputClearAfterSend">testInputClearAfterSend</a> <!-- method navigator-link -->
                      </span>
                      <br/>
                      <span>
                        <img src="failed.png" width="3%"/>
                        <a href="#" panel-name="suite-U_Ask_Chatbot_Test_Suite" title="tests.SecurityTests" class="method navigator-link" hash-for-method="testLongInputHandling">testLongInputHandling</a> <!-- method navigator-link -->
                      </span>
                      <br/>
                      <span>
                        <img src="failed.png" width="3%"/>
                        <a href="#" panel-name="suite-U_Ask_Chatbot_Test_Suite" title="tests.SecurityTests" class="method navigator-link" hash-for-method="testPromptInjectionHandling">testPromptInjectionHandling</a> <!-- method navigator-link -->
                      </span>
                      <br/>
                      <span>
                        <img src="failed.png" width="3%"/>
                        <a href="#" panel-name="suite-U_Ask_Chatbot_Test_Suite" title="tests.AIResponseTests" class="method navigator-link" hash-for-method="testResponseFormatting">testResponseFormatting</a> <!-- method navigator-link -->
                      </span>
                      <br/>
                      <span>
                        <img src="failed.png" width="3%"/>
                        <a href="#" panel-name="suite-U_Ask_Chatbot_Test_Suite" title="tests.AIResponseTests" class="method navigator-link" hash-for-method="testResponseFormatting">testResponseFormatting</a> <!-- method navigator-link -->
                      </span>
                      <br/>
                      <span>
                        <img src="failed.png" width="3%"/>
                        <a href="#" panel-name="suite-U_Ask_Chatbot_Test_Suite" title="tests.SecurityTests" class="method navigator-link" hash-for-method="testScriptInjectionHandling">testScriptInjectionHandling</a> <!-- method navigator-link -->
                      </span>
                      <br/>
                      <span>
                        <img src="failed.png" width="3%"/>
                        <a href="#" panel-name="suite-U_Ask_Chatbot_Test_Suite" title="tests.SecurityTests" class="method navigator-link" hash-for-method="testScriptInjectionHandling">testScriptInjectionHandling</a> <!-- method navigator-link -->
                      </span>
                      <br/>
                      <span>
                        <img src="failed.png" width="3%"/>
                        <a href="#" panel-name="suite-U_Ask_Chatbot_Test_Suite" title="tests.ChatbotUITests" class="method navigator-link" hash-for-method="testScrollFunctionality">testScrollFunctionality</a> <!-- method navigator-link -->
                      </span>
                      <br/>
                      <span>
                        <img src="failed.png" width="3%"/>
                        <a href="#" panel-name="suite-U_Ask_Chatbot_Test_Suite" title="tests.ChatbotUITests" class="method navigator-link" hash-for-method="testScrollFunctionality">testScrollFunctionality</a> <!-- method navigator-link -->
                      </span>
                      <br/>
                      <span>
                        <img src="failed.png" width="3%"/>
                        <a href="#" panel-name="suite-U_Ask_Chatbot_Test_Suite" title="tests.SecurityTests" class="method navigator-link" hash-for-method="testSpecialCharactersHandling">testSpecialCharactersHandling</a> <!-- method navigator-link -->
                      </span>
                      <br/>
                      <span>
                        <img src="failed.png" width="3%"/>
                        <a href="#" panel-name="suite-U_Ask_Chatbot_Test_Suite" title="tests.SecurityTests" class="method navigator-link" hash-for-method="testSpecialCharactersHandling">testSpecialCharactersHandling</a> <!-- method navigator-link -->
                      </span>
                      <br/>
                    </div> <!-- method-list-content failed suite-U_Ask_Chatbot_Test_Suite -->
                  </li>
                  <li>
                    <span class="method-list-title passed">Passed methods</span>
                    <span class="show-or-hide-methods passed">
                      <a href="#" panel-name="suite-U_Ask_Chatbot_Test_Suite" class="hide-methods passed suite-U_Ask_Chatbot_Test_Suite"> (hide)</a> <!-- hide-methods passed suite-U_Ask_Chatbot_Test_Suite -->
                      <a href="#" panel-name="suite-U_Ask_Chatbot_Test_Suite" class="show-methods passed suite-U_Ask_Chatbot_Test_Suite"> (show)</a> <!-- show-methods passed suite-U_Ask_Chatbot_Test_Suite -->
                    </span>
                    <div class="method-list-content passed suite-U_Ask_Chatbot_Test_Suite">
                      <span>
                        <img src="passed.png" width="3%"/>
                        <a href="#" panel-name="suite-U_Ask_Chatbot_Test_Suite" title="tests.AIResponseTests" class="method navigator-link" hash-for-method="testFallbackMessages">testFallbackMessages</a> <!-- method navigator-link -->
                      </span>
                      <br/>
                      <span>
                        <img src="passed.png" width="3%"/>
                        <a href="#" panel-name="suite-U_Ask_Chatbot_Test_Suite" title="tests.ChatbotUITests" class="method navigator-link" hash-for-method="testInputClearAfterSend">testInputClearAfterSend</a> <!-- method navigator-link -->
                      </span>
                      <br/>
                      <span>
                        <img src="passed.png" width="3%"/>
                        <a href="#" panel-name="suite-U_Ask_Chatbot_Test_Suite" title="tests.SecurityTests" class="method navigator-link" hash-for-method="testLongInputHandling">testLongInputHandling</a> <!-- method navigator-link -->
                      </span>
                      <br/>
                      <span>
                        <img src="passed.png" width="3%"/>
                        <a href="#" panel-name="suite-U_Ask_Chatbot_Test_Suite" title="tests.ChatbotUITests" class="method navigator-link" hash-for-method="testMessageSendFunctionality">testMessageSendFunctionality</a> <!-- method navigator-link -->
                      </span>
                      <br/>
                      <span>
                        <img src="passed.png" width="3%"/>
                        <a href="#" panel-name="suite-U_Ask_Chatbot_Test_Suite" title="tests.ChatbotUITests" class="method navigator-link" hash-for-method="testMessageSendFunctionality">testMessageSendFunctionality</a> <!-- method navigator-link -->
                      </span>
                      <br/>
                      <span>
                        <img src="passed.png" width="3%"/>
                        <a href="#" panel-name="suite-U_Ask_Chatbot_Test_Suite" title="tests.SecurityTests" class="method navigator-link" hash-for-method="testPromptInjectionHandling">testPromptInjectionHandling</a> <!-- method navigator-link -->
                      </span>
                      <br/>
                      <span>
                        <img src="passed.png" width="3%"/>
                        <a href="#" panel-name="suite-U_Ask_Chatbot_Test_Suite" title="tests.ChatbotUITests" class="method navigator-link" hash-for-method="testResponseRendering">testResponseRendering</a> <!-- method navigator-link -->
                      </span>
                      <br/>
                      <span>
                        <img src="passed.png" width="3%"/>
                        <a href="#" panel-name="suite-U_Ask_Chatbot_Test_Suite" title="tests.ChatbotUITests" class="method navigator-link" hash-for-method="testResponseRendering">testResponseRendering</a> <!-- method navigator-link -->
                      </span>
                      <br/>
                      <span>
                        <img src="passed.png" width="3%"/>
                        <a href="#" panel-name="suite-U_Ask_Chatbot_Test_Suite" title="tests.AIResponseTests" class="method navigator-link" hash-for-method="testResponseTime">testResponseTime</a> <!-- method navigator-link -->
                      </span>
                      <br/>
                      <span>
                        <img src="passed.png" width="3%"/>
                        <a href="#" panel-name="suite-U_Ask_Chatbot_Test_Suite" title="tests.AIResponseTests" class="method navigator-link" hash-for-method="testResponseTime">testResponseTime</a> <!-- method navigator-link -->
                      </span>
                      <br/>
                    </div> <!-- method-list-content passed suite-U_Ask_Chatbot_Test_Suite -->
                  </li>
                </ul>
              </div> <!-- suite-section-content -->
            </div> <!-- result-section -->
          </div> <!-- navigator-suite-content -->
        </div> <!-- rounded-window -->
      </div> <!-- suite -->
    </div> <!-- navigator-root -->
    <div class="wrapper">
      <div class="main-panel-root">
        <div panel-name="suite-U_Ask_Chatbot_Test_Suite" class="panel U_Ask_Chatbot_Test_Suite">
          <div class="suite-U_Ask_Chatbot_Test_Suite-class-failed">
            <div class="main-panel-header rounded-window-top">
              <img src="failed.png"/>
              <span class="class-name">tests.SecurityTests</span>
            </div> <!-- main-panel-header rounded-window-top -->
            <div class="main-panel-content rounded-window-bottom">
              <div class="method">
                <div class="method-content">
                  <a name="testLongInputHandling">
                  </a> <!-- testLongInputHandling -->
                  <span class="method-name">testLongInputHandling</span>
                  <div class="stack-trace">java.lang.AssertionError: Should handle long input gracefully and provide a response expected [true] but found [false]
	at tests.SecurityTests.testLongInputHandling(SecurityTests.java:195)
	at java.base/java.util.ArrayList.forEach(ArrayList.java:1604)
	at java.base/java.util.concurrent.FutureTask.run(FutureTask.java:328)
	at java.base/java.util.concurrent.ThreadPoolExecutor.runWorker(ThreadPoolExecutor.java:1090)
	at java.base/java.util.concurrent.ThreadPoolExecutor$Worker.run(ThreadPoolExecutor.java:614)
	at java.base/java.lang.Thread.run(Thread.java:1474)
... Removed 18 stack frames
</div> <!-- stack-trace -->
                </div> <!-- method-content -->
              </div> <!-- method -->
              <div class="method">
                <div class="method-content">
                  <a name="testPromptInjectionHandling">
                  </a> <!-- testPromptInjectionHandling -->
                  <span class="method-name">testPromptInjectionHandling</span>
                  <div class="stack-trace">java.lang.AssertionError: Should provide a reasonable response to prompt injection attempt expected [true] but found [false]
	at tests.SecurityTests.testPromptInjectionHandling(SecurityTests.java:109)
	at java.base/java.util.ArrayList.forEach(ArrayList.java:1604)
	at java.base/java.util.concurrent.FutureTask.run(FutureTask.java:328)
	at java.base/java.util.concurrent.ThreadPoolExecutor.runWorker(ThreadPoolExecutor.java:1090)
	at java.base/java.util.concurrent.ThreadPoolExecutor$Worker.run(ThreadPoolExecutor.java:614)
	at java.base/java.lang.Thread.run(Thread.java:1474)
... Removed 18 stack frames
</div> <!-- stack-trace -->
                </div> <!-- method-content -->
              </div> <!-- method -->
              <div class="method">
                <div class="method-content">
                  <a name="testScriptInjectionHandling">
                  </a> <!-- testScriptInjectionHandling -->
                  <span class="method-name">testScriptInjectionHandling</span>
                  <div class="stack-trace">java.lang.AssertionError: Should respond to the legitimate part of the query expected [true] but found [false]
	at tests.SecurityTests.testScriptInjectionHandling(SecurityTests.java:65)
	at java.base/java.util.ArrayList.forEach(ArrayList.java:1604)
	at java.base/java.util.concurrent.FutureTask.run(FutureTask.java:328)
	at java.base/java.util.concurrent.ThreadPoolExecutor.runWorker(ThreadPoolExecutor.java:1090)
	at java.base/java.util.concurrent.ThreadPoolExecutor$Worker.run(ThreadPoolExecutor.java:614)
	at java.base/java.lang.Thread.run(Thread.java:1474)
... Removed 18 stack frames
</div> <!-- stack-trace -->
                </div> <!-- method-content -->
              </div> <!-- method -->
              <div class="method">
                <div class="method-content">
                  <a name="testScriptInjectionHandling">
                  </a> <!-- testScriptInjectionHandling -->
                  <span class="method-name">testScriptInjectionHandling</span>
                  <div class="stack-trace">java.lang.AssertionError: Should respond to the legitimate part of the query expected [true] but found [false]
	at tests.SecurityTests.testScriptInjectionHandling(SecurityTests.java:65)
	at java.base/java.util.ArrayList.forEach(ArrayList.java:1604)
	at java.base/java.util.concurrent.FutureTask.run(FutureTask.java:328)
	at java.base/java.util.concurrent.ThreadPoolExecutor.runWorker(ThreadPoolExecutor.java:1090)
	at java.base/java.util.concurrent.ThreadPoolExecutor$Worker.run(ThreadPoolExecutor.java:614)
	at java.base/java.lang.Thread.run(Thread.java:1474)
... Removed 18 stack frames
</div> <!-- stack-trace -->
                </div> <!-- method-content -->
              </div> <!-- method -->
              <div class="method">
                <div class="method-content">
                  <a name="testSpecialCharactersHandling">
                  </a> <!-- testSpecialCharactersHandling -->
                  <span class="method-name">testSpecialCharactersHandling</span>
                  <div class="stack-trace">org.openqa.selenium.TimeoutException: Expected condition failed: waiting for element to be clickable: By.cssSelector: button[data-testid=&quot;send-button&quot;] (tried for 30 second(s) with 500 milliseconds interval)
Build info: version: &apos;4.15.0&apos;, revision: &apos;1d14b5521b&apos;
System info: os.name: &apos;Mac OS X&apos;, os.arch: &apos;aarch64&apos;, os.version: &apos;14.3&apos;, java.version: &apos;25&apos;
Driver info: org.openqa.selenium.chrome.ChromeDriver
Capabilities {acceptInsecureCerts: false, browserName: chrome, browserVersion: 140.0.7339.214, chrome: {chromedriverVersion: 140.0.7339.207 (17230b545fd..., userDataDir: /var/folders/dc/sh_tnvj14q9...}, fedcm:accounts: true, goog:chromeOptions: {debuggerAddress: localhost:54786}, networkConnectionEnabled: false, pageLoadStrategy: normal, platformName: mac, proxy: Proxy(), se:cdp: ws://localhost:54786/devtoo..., se:cdpVersion: 140.0.7339.214, setWindowRect: true, strictFileInteractability: false, timeouts: {implicit: 0, pageLoad: 300000, script: 30000}, unhandledPromptBehavior: dismiss and notify, webauthn:extension:credBlob: true, webauthn:extension:largeBlob: true, webauthn:extension:minPinLength: true, webauthn:extension:prf: true, webauthn:virtualAuthenticators: true}
Session ID: 3ac90df54751c07388c66817a5f34bd0
	at org.openqa.selenium.support.ui.WebDriverWait.timeoutException(WebDriverWait.java:84)
	at org.openqa.selenium.support.ui.FluentWait.until(FluentWait.java:229)
	at tests.SecurityTests.testSpecialCharactersHandling(SecurityTests.java:128)
	at java.base/java.util.ArrayList.forEach(ArrayList.java:1604)
	at java.base/java.util.concurrent.FutureTask.run(FutureTask.java:328)
	at java.base/java.util.concurrent.ThreadPoolExecutor.runWorker(ThreadPoolExecutor.java:1090)
	at java.base/java.util.concurrent.ThreadPoolExecutor$Worker.run(ThreadPoolExecutor.java:614)
	at java.base/java.lang.Thread.run(Thread.java:1474)
... Removed 15 stack frames
</div> <!-- stack-trace -->
                </div> <!-- method-content -->
              </div> <!-- method -->
              <div class="method">
                <div class="method-content">
                  <a name="testSpecialCharactersHandling">
                  </a> <!-- testSpecialCharactersHandling -->
                  <span class="method-name">testSpecialCharactersHandling</span>
                  <div class="stack-trace">org.openqa.selenium.TimeoutException: Expected condition failed: waiting for element to be clickable: By.cssSelector: button[data-testid=&quot;send-button&quot;] (tried for 30 second(s) with 500 milliseconds interval)
Build info: version: &apos;4.15.0&apos;, revision: &apos;1d14b5521b&apos;
System info: os.name: &apos;Mac OS X&apos;, os.arch: &apos;aarch64&apos;, os.version: &apos;14.3&apos;, java.version: &apos;25&apos;
Driver info: org.openqa.selenium.chrome.ChromeDriver
Capabilities {acceptInsecureCerts: false, browserName: chrome, browserVersion: 140.0.7339.214, chrome: {chromedriverVersion: 140.0.7339.207 (17230b545fd..., userDataDir: /var/folders/dc/sh_tnvj14q9...}, fedcm:accounts: true, goog:chromeOptions: {debuggerAddress: localhost:55288}, networkConnectionEnabled: false, pageLoadStrategy: normal, platformName: mac, proxy: Proxy(), se:cdp: ws://localhost:55288/devtoo..., se:cdpVersion: 140.0.7339.214, setWindowRect: true, strictFileInteractability: false, timeouts: {implicit: 0, pageLoad: 300000, script: 30000}, unhandledPromptBehavior: dismiss and notify, webauthn:extension:credBlob: true, webauthn:extension:largeBlob: true, webauthn:extension:minPinLength: true, webauthn:extension:prf: true, webauthn:virtualAuthenticators: true}
Session ID: 6898f0e910636a7981028a49e0fa4067
	at org.openqa.selenium.support.ui.WebDriverWait.timeoutException(WebDriverWait.java:84)
	at org.openqa.selenium.support.ui.FluentWait.until(FluentWait.java:229)
	at tests.SecurityTests.testSpecialCharactersHandling(SecurityTests.java:128)
	at java.base/java.util.ArrayList.forEach(ArrayList.java:1604)
	at java.base/java.util.concurrent.FutureTask.run(FutureTask.java:328)
	at java.base/java.util.concurrent.ThreadPoolExecutor.runWorker(ThreadPoolExecutor.java:1090)
	at java.base/java.util.concurrent.ThreadPoolExecutor$Worker.run(ThreadPoolExecutor.java:614)
	at java.base/java.lang.Thread.run(Thread.java:1474)
... Removed 15 stack frames
</div> <!-- stack-trace -->
                </div> <!-- method-content -->
              </div> <!-- method -->
            </div> <!-- main-panel-content rounded-window-bottom -->
          </div> <!-- suite-U_Ask_Chatbot_Test_Suite-class-failed -->
          <div class="suite-U_Ask_Chatbot_Test_Suite-class-failed">
            <div class="main-panel-header rounded-window-top">
              <img src="failed.png"/>
              <span class="class-name">tests.ChatbotUITests</span>
            </div> <!-- main-panel-header rounded-window-top -->
            <div class="main-panel-content rounded-window-bottom">
              <div class="method">
                <div class="method-content">
                  <a name="testChatInterfaceLoads">
                  </a> <!-- testChatInterfaceLoads -->
                  <span class="method-name">testChatInterfaceLoads</span>
                  <div class="stack-trace">java.lang.AssertionError: Send button should be present expected [false] but found [true]
	at tests.ChatbotUITests.testChatInterfaceLoads(ChatbotUITests.java:34)
	at java.base/java.util.ArrayList.forEach(ArrayList.java:1604)
	at java.base/java.util.concurrent.FutureTask.run(FutureTask.java:328)
	at java.base/java.util.concurrent.ThreadPoolExecutor.runWorker(ThreadPoolExecutor.java:1090)
	at java.base/java.util.concurrent.ThreadPoolExecutor$Worker.run(ThreadPoolExecutor.java:614)
	at java.base/java.lang.Thread.run(Thread.java:1474)
... Removed 18 stack frames
</div> <!-- stack-trace -->
                </div> <!-- method-content -->
              </div> <!-- method -->
              <div class="method">
                <div class="method-content">
                  <a name="testChatInterfaceLoads">
                  </a> <!-- testChatInterfaceLoads -->
                  <span class="method-name">testChatInterfaceLoads</span>
                  <div class="stack-trace">java.lang.AssertionError: Send button should be present expected [false] but found [true]
	at tests.ChatbotUITests.testChatInterfaceLoads(ChatbotUITests.java:34)
	at java.base/java.util.ArrayList.forEach(ArrayList.java:1604)
	at java.base/java.util.concurrent.FutureTask.run(FutureTask.java:328)
	at java.base/java.util.concurrent.ThreadPoolExecutor.runWorker(ThreadPoolExecutor.java:1090)
	at java.base/java.util.concurrent.ThreadPoolExecutor$Worker.run(ThreadPoolExecutor.java:614)
	at java.base/java.lang.Thread.run(Thread.java:1474)
... Removed 18 stack frames
</div> <!-- stack-trace -->
                </div> <!-- method-content -->
              </div> <!-- method -->
              <div class="method">
                <div class="method-content">
                  <a name="testInputClearAfterSend">
                  </a> <!-- testInputClearAfterSend -->
                  <span class="method-name">testInputClearAfterSend</span>
                  <div class="stack-trace">org.openqa.selenium.NoSuchSessionException: invalid session id: session deleted as the browser has closed the connection
from disconnected: not connected to DevTools
  (Session info: chrome=140.0.7339.214)
Build info: version: &apos;4.15.0&apos;, revision: &apos;1d14b5521b&apos;
System info: os.name: &apos;Mac OS X&apos;, os.arch: &apos;aarch64&apos;, os.version: &apos;14.3&apos;, java.version: &apos;25&apos;
Driver info: org.openqa.selenium.chrome.ChromeDriver
Command: [4a1776d099f4bbef29fd8dff650f8537, findElement {using=css selector, value=#prompt-textarea}]
Capabilities {acceptInsecureCerts: false, browserName: chrome, browserVersion: 140.0.7339.214, chrome: {chromedriverVersion: 140.0.7339.207 (17230b545fd..., userDataDir: /var/folders/dc/sh_tnvj14q9...}, fedcm:accounts: true, goog:chromeOptions: {debuggerAddress: localhost:54867}, networkConnectionEnabled: false, pageLoadStrategy: normal, platformName: mac, proxy: Proxy(), se:cdp: ws://localhost:54867/devtoo..., se:cdpVersion: 140.0.7339.214, setWindowRect: true, strictFileInteractability: false, timeouts: {implicit: 0, pageLoad: 300000, script: 30000}, unhandledPromptBehavior: dismiss and notify, webauthn:extension:credBlob: true, webauthn:extension:largeBlob: true, webauthn:extension:minPinLength: true, webauthn:extension:prf: true, webauthn:virtualAuthenticators: true}
Session ID: 4a1776d099f4bbef29fd8dff650f8537
	at org.openqa.selenium.remote.codec.w3c.W3CHttpResponseCodec.createException(W3CHttpResponseCodec.java:200)
	at org.openqa.selenium.remote.codec.w3c.W3CHttpResponseCodec.decode(W3CHttpResponseCodec.java:133)
	at org.openqa.selenium.remote.codec.w3c.W3CHttpResponseCodec.decode(W3CHttpResponseCodec.java:52)
	at org.openqa.selenium.remote.HttpCommandExecutor.execute(HttpCommandExecutor.java:191)
	at org.openqa.selenium.remote.service.DriverCommandExecutor.invokeExecute(DriverCommandExecutor.java:200)
	at org.openqa.selenium.remote.service.DriverCommandExecutor.execute(DriverCommandExecutor.java:175)
	at org.openqa.selenium.remote.RemoteWebDriver.execute(RemoteWebDriver.java:607)
	at org.openqa.selenium.remote.ElementLocation$ElementFinder$2.findElement(ElementLocation.java:165)
	at org.openqa.selenium.remote.ElementLocation.findElement(ElementLocation.java:59)
	at org.openqa.selenium.remote.RemoteWebDriver.findElement(RemoteWebDriver.java:364)
	at org.openqa.selenium.remote.RemoteWebDriver.findElement(RemoteWebDriver.java:358)
	at tests.ChatbotUITests.testInputClearAfterSend(ChatbotUITests.java:116)
	at java.base/java.util.ArrayList.forEach(ArrayList.java:1604)
	at java.base/java.util.concurrent.FutureTask.run(FutureTask.java:328)
	at java.base/java.util.concurrent.ThreadPoolExecutor.runWorker(ThreadPoolExecutor.java:1090)
	at java.base/java.util.concurrent.ThreadPoolExecutor$Worker.run(ThreadPoolExecutor.java:614)
	at java.base/java.lang.Thread.run(Thread.java:1474)
... Removed 18 stack frames
</div> <!-- stack-trace -->
                </div> <!-- method-content -->
              </div> <!-- method -->
              <div class="method">
                <div class="method-content">
                  <a name="testScrollFunctionality">
                  </a> <!-- testScrollFunctionality -->
                  <span class="method-name">testScrollFunctionality</span>
                  <div class="stack-trace">org.openqa.selenium.TimeoutException: Expected condition failed: waiting for element to be clickable: By.cssSelector: button[data-testid=&quot;send-button&quot;] (tried for 30 second(s) with 500 milliseconds interval)
Build info: version: &apos;4.15.0&apos;, revision: &apos;1d14b5521b&apos;
System info: os.name: &apos;Mac OS X&apos;, os.arch: &apos;aarch64&apos;, os.version: &apos;14.3&apos;, java.version: &apos;25&apos;
Driver info: org.openqa.selenium.chrome.ChromeDriver
Capabilities {acceptInsecureCerts: false, browserName: chrome, browserVersion: 140.0.7339.214, chrome: {chromedriverVersion: 140.0.7339.207 (17230b545fd..., userDataDir: /var/folders/dc/sh_tnvj14q9...}, fedcm:accounts: true, goog:chromeOptions: {debuggerAddress: localhost:54467}, networkConnectionEnabled: false, pageLoadStrategy: normal, platformName: mac, proxy: Proxy(), se:cdp: ws://localhost:54467/devtoo..., se:cdpVersion: 140.0.7339.214, setWindowRect: true, strictFileInteractability: false, timeouts: {implicit: 0, pageLoad: 300000, script: 30000}, unhandledPromptBehavior: dismiss and notify, webauthn:extension:credBlob: true, webauthn:extension:largeBlob: true, webauthn:extension:minPinLength: true, webauthn:extension:prf: true, webauthn:virtualAuthenticators: true}
Session ID: 8bf789a41dcad2dc98fd4f3128d0e721
	at org.openqa.selenium.support.ui.WebDriverWait.timeoutException(WebDriverWait.java:84)
	at org.openqa.selenium.support.ui.FluentWait.until(FluentWait.java:229)
	at tests.ChatbotUITests.testScrollFunctionality(ChatbotUITests.java:130)
	at java.base/java.util.ArrayList.forEach(ArrayList.java:1604)
	at java.base/java.util.concurrent.FutureTask.run(FutureTask.java:328)
	at java.base/java.util.concurrent.ThreadPoolExecutor.runWorker(ThreadPoolExecutor.java:1090)
	at java.base/java.util.concurrent.ThreadPoolExecutor$Worker.run(ThreadPoolExecutor.java:614)
	at java.base/java.lang.Thread.run(Thread.java:1474)
... Removed 15 stack frames
</div> <!-- stack-trace -->
                </div> <!-- method-content -->
              </div> <!-- method -->
              <div class="method">
                <div class="method-content">
                  <a name="testScrollFunctionality">
                  </a> <!-- testScrollFunctionality -->
                  <span class="method-name">testScrollFunctionality</span>
                  <div class="stack-trace">org.openqa.selenium.TimeoutException: Expected condition failed: waiting for element to be clickable: By.cssSelector: button[data-testid=&quot;send-button&quot;] (tried for 30 second(s) with 500 milliseconds interval)
Build info: version: &apos;4.15.0&apos;, revision: &apos;1d14b5521b&apos;
System info: os.name: &apos;Mac OS X&apos;, os.arch: &apos;aarch64&apos;, os.version: &apos;14.3&apos;, java.version: &apos;25&apos;
Driver info: org.openqa.selenium.chrome.ChromeDriver
Capabilities {acceptInsecureCerts: false, browserName: chrome, browserVersion: 140.0.7339.214, chrome: {chromedriverVersion: 140.0.7339.207 (17230b545fd..., userDataDir: /var/folders/dc/sh_tnvj14q9...}, fedcm:accounts: true, goog:chromeOptions: {debuggerAddress: localhost:54982}, networkConnectionEnabled: false, pageLoadStrategy: normal, platformName: mac, proxy: Proxy(), se:cdp: ws://localhost:54982/devtoo..., se:cdpVersion: 140.0.7339.214, setWindowRect: true, strictFileInteractability: false, timeouts: {implicit: 0, pageLoad: 300000, script: 30000}, unhandledPromptBehavior: dismiss and notify, webauthn:extension:credBlob: true, webauthn:extension:largeBlob: true, webauthn:extension:minPinLength: true, webauthn:extension:prf: true, webauthn:virtualAuthenticators: true}
Session ID: c3ece1335252104378058dff3d7e64f9
	at org.openqa.selenium.support.ui.WebDriverWait.timeoutException(WebDriverWait.java:84)
	at org.openqa.selenium.support.ui.FluentWait.until(FluentWait.java:229)
	at tests.ChatbotUITests.testScrollFunctionality(ChatbotUITests.java:130)
	at java.base/java.util.ArrayList.forEach(ArrayList.java:1604)
	at java.base/java.util.concurrent.FutureTask.run(FutureTask.java:328)
	at java.base/java.util.concurrent.ThreadPoolExecutor.runWorker(ThreadPoolExecutor.java:1090)
	at java.base/java.util.concurrent.ThreadPoolExecutor$Worker.run(ThreadPoolExecutor.java:614)
	at java.base/java.lang.Thread.run(Thread.java:1474)
... Removed 15 stack frames
</div> <!-- stack-trace -->
                </div> <!-- method-content -->
              </div> <!-- method -->
            </div> <!-- main-panel-content rounded-window-bottom -->
          </div> <!-- suite-U_Ask_Chatbot_Test_Suite-class-failed -->
          <div class="suite-U_Ask_Chatbot_Test_Suite-class-failed">
            <div class="main-panel-header rounded-window-top">
              <img src="failed.png"/>
              <span class="class-name">tests.AIResponseTests</span>
            </div> <!-- main-panel-header rounded-window-top -->
            <div class="main-panel-content rounded-window-bottom">
              <div class="method">
                <div class="method-content">
                  <a name="testCommonQueriesResponseQuality">
                  </a> <!-- testCommonQueriesResponseQuality -->
                  <span class="method-name">testCommonQueriesResponseQuality</span>
                  <div class="stack-trace">java.lang.AssertionError: Response for &apos;What is artificial intelligence?&apos; should not be hallucinated expected [false] but found [true]
	at tests.AIResponseTests.testCommonQueriesResponseQuality(AIResponseTests.java:61)
	at java.base/java.util.ArrayList.forEach(ArrayList.java:1604)
	at java.base/java.util.concurrent.FutureTask.run(FutureTask.java:328)
	at java.base/java.util.concurrent.ThreadPoolExecutor.runWorker(ThreadPoolExecutor.java:1090)
	at java.base/java.util.concurrent.ThreadPoolExecutor$Worker.run(ThreadPoolExecutor.java:614)
	at java.base/java.lang.Thread.run(Thread.java:1474)
... Removed 18 stack frames
</div> <!-- stack-trace -->
                </div> <!-- method-content -->
              </div> <!-- method -->
              <div class="method">
                <div class="method-content">
                  <a name="testCommonQueriesResponseQuality">
                  </a> <!-- testCommonQueriesResponseQuality -->
                  <span class="method-name">testCommonQueriesResponseQuality</span>
                  <div class="stack-trace">java.lang.AssertionError: Response for &apos;ما هو الذكاء الاصطناعي؟&apos; should be valid and contain relevant keywords expected [true] but found [false]
	at tests.AIResponseTests.testCommonQueriesResponseQuality(AIResponseTests.java:56)
	at java.base/java.util.ArrayList.forEach(ArrayList.java:1604)
	at java.base/java.util.concurrent.FutureTask.run(FutureTask.java:328)
	at java.base/java.util.concurrent.ThreadPoolExecutor.runWorker(ThreadPoolExecutor.java:1090)
	at java.base/java.util.concurrent.ThreadPoolExecutor$Worker.run(ThreadPoolExecutor.java:614)
	at java.base/java.lang.Thread.run(Thread.java:1474)
... Removed 18 stack frames
</div> <!-- stack-trace -->
                </div> <!-- method-content -->
              </div> <!-- method -->
              <div class="method">
                <div class="method-content">
                  <a name="testFallbackMessages">
                  </a> <!-- testFallbackMessages -->
                  <span class="method-name">testFallbackMessages</span>
                  <div class="stack-trace">java.lang.AssertionError: Should provide a reasonable response even for unclear input expected [true] but found [false]
	at tests.AIResponseTests.testFallbackMessages(AIResponseTests.java:151)
	at java.base/java.util.ArrayList.forEach(ArrayList.java:1604)
	at java.base/java.util.concurrent.FutureTask.run(FutureTask.java:328)
	at java.base/java.util.concurrent.ThreadPoolExecutor.runWorker(ThreadPoolExecutor.java:1090)
	at java.base/java.util.concurrent.ThreadPoolExecutor$Worker.run(ThreadPoolExecutor.java:614)
	at java.base/java.lang.Thread.run(Thread.java:1474)
... Removed 18 stack frames
</div> <!-- stack-trace -->
                </div> <!-- method-content -->
              </div> <!-- method -->
              <div class="method">
                <div class="method-content">
                  <a name="testResponseFormatting">
                  </a> <!-- testResponseFormatting -->
                  <span class="method-name">testResponseFormatting</span>
                  <div class="stack-trace">java.lang.AssertionError: Response should be substantial in length expected [true] but found [false]
	at tests.AIResponseTests.testResponseFormatting(AIResponseTests.java:98)
	at java.base/java.util.ArrayList.forEach(ArrayList.java:1604)
	at java.base/java.util.concurrent.FutureTask.run(FutureTask.java:328)
	at java.base/java.util.concurrent.ThreadPoolExecutor.runWorker(ThreadPoolExecutor.java:1090)
	at java.base/java.util.concurrent.ThreadPoolExecutor$Worker.run(ThreadPoolExecutor.java:614)
	at java.base/java.lang.Thread.run(Thread.java:1474)
... Removed 18 stack frames
</div> <!-- stack-trace -->
                </div> <!-- method-content -->
              </div> <!-- method -->
              <div class="method">
                <div class="method-content">
                  <a name="testResponseFormatting">
                  </a> <!-- testResponseFormatting -->
                  <span class="method-name">testResponseFormatting</span>
                  <div class="stack-trace">java.lang.AssertionError: Response should be substantial in length expected [true] but found [false]
	at tests.AIResponseTests.testResponseFormatting(AIResponseTests.java:98)
	at java.base/java.util.ArrayList.forEach(ArrayList.java:1604)
	at java.base/java.util.concurrent.FutureTask.run(FutureTask.java:328)
	at java.base/java.util.concurrent.ThreadPoolExecutor.runWorker(ThreadPoolExecutor.java:1090)
	at java.base/java.util.concurrent.ThreadPoolExecutor$Worker.run(ThreadPoolExecutor.java:614)
	at java.base/java.lang.Thread.run(Thread.java:1474)
... Removed 18 stack frames
</div> <!-- stack-trace -->
                </div> <!-- method-content -->
              </div> <!-- method -->
            </div> <!-- main-panel-content rounded-window-bottom -->
          </div> <!-- suite-U_Ask_Chatbot_Test_Suite-class-failed -->
          <div class="suite-U_Ask_Chatbot_Test_Suite-class-passed">
            <div class="main-panel-header rounded-window-top">
              <img src="passed.png"/>
              <span class="class-name">tests.SecurityTests</span>
            </div> <!-- main-panel-header rounded-window-top -->
            <div class="main-panel-content rounded-window-bottom">
              <div class="method">
                <div class="method-content">
                  <a name="testLongInputHandling">
                  </a> <!-- testLongInputHandling -->
                  <span class="method-name">testLongInputHandling</span>
                </div> <!-- method-content -->
              </div> <!-- method -->
              <div class="method">
                <div class="method-content">
                  <a name="testPromptInjectionHandling">
                  </a> <!-- testPromptInjectionHandling -->
                  <span class="method-name">testPromptInjectionHandling</span>
                </div> <!-- method-content -->
              </div> <!-- method -->
            </div> <!-- main-panel-content rounded-window-bottom -->
          </div> <!-- suite-U_Ask_Chatbot_Test_Suite-class-passed -->
          <div class="suite-U_Ask_Chatbot_Test_Suite-class-passed">
            <div class="main-panel-header rounded-window-top">
              <img src="passed.png"/>
              <span class="class-name">tests.ChatbotUITests</span>
            </div> <!-- main-panel-header rounded-window-top -->
            <div class="main-panel-content rounded-window-bottom">
              <div class="method">
                <div class="method-content">
                  <a name="testInputClearAfterSend">
                  </a> <!-- testInputClearAfterSend -->
                  <span class="method-name">testInputClearAfterSend</span>
                </div> <!-- method-content -->
              </div> <!-- method -->
              <div class="method">
                <div class="method-content">
                  <a name="testMessageSendFunctionality">
                  </a> <!-- testMessageSendFunctionality -->
                  <span class="method-name">testMessageSendFunctionality</span>
                </div> <!-- method-content -->
              </div> <!-- method -->
              <div class="method">
                <div class="method-content">
                  <a name="testMessageSendFunctionality">
                  </a> <!-- testMessageSendFunctionality -->
                  <span class="method-name">testMessageSendFunctionality</span>
                </div> <!-- method-content -->
              </div> <!-- method -->
              <div class="method">
                <div class="method-content">
                  <a name="testResponseRendering">
                  </a> <!-- testResponseRendering -->
                  <span class="method-name">testResponseRendering</span>
                </div> <!-- method-content -->
              </div> <!-- method -->
              <div class="method">
                <div class="method-content">
                  <a name="testResponseRendering">
                  </a> <!-- testResponseRendering -->
                  <span class="method-name">testResponseRendering</span>
                </div> <!-- method-content -->
              </div> <!-- method -->
            </div> <!-- main-panel-content rounded-window-bottom -->
          </div> <!-- suite-U_Ask_Chatbot_Test_Suite-class-passed -->
          <div class="suite-U_Ask_Chatbot_Test_Suite-class-passed">
            <div class="main-panel-header rounded-window-top">
              <img src="passed.png"/>
              <span class="class-name">tests.AIResponseTests</span>
            </div> <!-- main-panel-header rounded-window-top -->
            <div class="main-panel-content rounded-window-bottom">
              <div class="method">
                <div class="method-content">
                  <a name="testFallbackMessages">
                  </a> <!-- testFallbackMessages -->
                  <span class="method-name">testFallbackMessages</span>
                </div> <!-- method-content -->
              </div> <!-- method -->
              <div class="method">
                <div class="method-content">
                  <a name="testResponseTime">
                  </a> <!-- testResponseTime -->
                  <span class="method-name">testResponseTime</span>
                </div> <!-- method-content -->
              </div> <!-- method -->
              <div class="method">
                <div class="method-content">
                  <a name="testResponseTime">
                  </a> <!-- testResponseTime -->
                  <span class="method-name">testResponseTime</span>
                </div> <!-- method-content -->
              </div> <!-- method -->
            </div> <!-- main-panel-content rounded-window-bottom -->
          </div> <!-- suite-U_Ask_Chatbot_Test_Suite-class-passed -->
        </div> <!-- panel U_Ask_Chatbot_Test_Suite -->
        <div panel-name="test-xml-U_Ask_Chatbot_Test_Suite" class="panel">
          <div class="main-panel-header rounded-window-top">
            <span class="header-content">/Users/sonalipatil/uask-qa-automation/testng.xml</span>
          </div> <!-- main-panel-header rounded-window-top -->
          <div class="main-panel-content rounded-window-bottom">
            <pre>
&lt;?xml version=&quot;1.0&quot; encoding=&quot;UTF-8&quot;?&gt;
&lt;!DOCTYPE suite SYSTEM &quot;https://testng.org/testng-1.0.dtd&quot;&gt;
&lt;suite thread-count=&quot;1&quot; parallel=&quot;tests&quot; name=&quot;U-Ask Chatbot Test Suite&quot; verbose=&quot;0&quot;&gt;
  &lt;test thread-count=&quot;1&quot; parallel=&quot;tests&quot; name=&quot;English Language Tests&quot; verbose=&quot;0&quot;&gt;
    &lt;parameter name=&quot;language&quot; value=&quot;en&quot;/&gt;
    &lt;classes&gt;
      &lt;class name=&quot;tests.ChatbotUITests&quot;/&gt;
      &lt;class name=&quot;tests.AIResponseTests&quot;/&gt;
      &lt;class name=&quot;tests.SecurityTests&quot;/&gt;
    &lt;/classes&gt;
  &lt;/test&gt; &lt;!-- English Language Tests --&gt;
  &lt;test thread-count=&quot;1&quot; parallel=&quot;tests&quot; name=&quot;Arabic Language Tests&quot; verbose=&quot;0&quot;&gt;
    &lt;parameter name=&quot;language&quot; value=&quot;ar&quot;/&gt;
    &lt;classes&gt;
      &lt;class name=&quot;tests.ChatbotUITests&quot;/&gt;
      &lt;class name=&quot;tests.AIResponseTests&quot;/&gt;
      &lt;class name=&quot;tests.SecurityTests&quot;/&gt;
    &lt;/classes&gt;
  &lt;/test&gt; &lt;!-- Arabic Language Tests --&gt;
&lt;/suite&gt; &lt;!-- U-Ask Chatbot Test Suite --&gt;
            </pre>
          </div> <!-- main-panel-content rounded-window-bottom -->
        </div> <!-- panel -->
        <div panel-name="testlist-U_Ask_Chatbot_Test_Suite" class="panel">
          <div class="main-panel-header rounded-window-top">
            <span class="header-content">Tests for U-Ask Chatbot Test Suite</span>
          </div> <!-- main-panel-header rounded-window-top -->
          <div class="main-panel-content rounded-window-bottom">
            <ul>
              <li>
                <span class="test-name">English Language Tests (3 classes)</span>
              </li>
              <li>
                <span class="test-name">Arabic Language Tests (3 classes)</span>
              </li>
            </ul>
          </div> <!-- main-panel-content rounded-window-bottom -->
        </div> <!-- panel -->
        <div panel-name="group-U_Ask_Chatbot_Test_Suite" class="panel">
          <div class="main-panel-header rounded-window-top">
            <span class="header-content">Groups for U-Ask Chatbot Test Suite</span>
          </div> <!-- main-panel-header rounded-window-top -->
          <div class="main-panel-content rounded-window-bottom">
          </div> <!-- main-panel-content rounded-window-bottom -->
        </div> <!-- panel -->
        <div panel-name="times-U_Ask_Chatbot_Test_Suite" class="panel">
          <div class="main-panel-header rounded-window-top">
            <span class="header-content">Times for U-Ask Chatbot Test Suite</span>
          </div> <!-- main-panel-header rounded-window-top -->
          <div class="main-panel-content rounded-window-bottom">
            <div class="times-div">
              <script type="text/javascript">
suiteTableInitFunctions.push('tableData_U_Ask_Chatbot_Test_Suite');
function tableData_U_Ask_Chatbot_Test_Suite() {
var data = new google.visualization.DataTable();
data.addColumn('number', 'Number');
data.addColumn('string', 'Method');
data.addColumn('string', 'Class');
data.addColumn('number', 'Time (ms)');
data.addRows(26);
data.setCell(0, 0, 0)
data.setCell(0, 1, 'testSpecialCharactersHandling')
data.setCell(0, 2, 'tests.SecurityTests')
data.setCell(0, 3, 48390);
data.setCell(1, 0, 1)
data.setCell(1, 1, 'testMessageSendFunctionality')
data.setCell(1, 2, 'tests.ChatbotUITests')
data.setCell(1, 3, 45689);
data.setCell(2, 0, 2)
data.setCell(2, 1, 'testMessageSendFunctionality')
data.setCell(2, 2, 'tests.ChatbotUITests')
data.setCell(2, 3, 41544);
data.setCell(3, 0, 3)
data.setCell(3, 1, 'testSpecialCharactersHandling')
data.setCell(3, 2, 'tests.SecurityTests')
data.setCell(3, 3, 39548);
data.setCell(4, 0, 4)
data.setCell(4, 1, 'testScrollFunctionality')
data.setCell(4, 2, 'tests.ChatbotUITests')
data.setCell(4, 3, 37687);
data.setCell(5, 0, 5)
data.setCell(5, 1, 'testScrollFunctionality')
data.setCell(5, 2, 'tests.ChatbotUITests')
data.setCell(5, 3, 37573);
data.setCell(6, 0, 6)
data.setCell(6, 1, 'testCommonQueriesResponseQuality')
data.setCell(6, 2, 'tests.AIResponseTests')
data.setCell(6, 3, 36732);
data.setCell(7, 0, 7)
data.setCell(7, 1, 'testFallbackMessages')
data.setCell(7, 2, 'tests.AIResponseTests')
data.setCell(7, 3, 36647);
data.setCell(8, 0, 8)
data.setCell(8, 1, 'testResponseFormatting')
data.setCell(8, 2, 'tests.AIResponseTests')
data.setCell(8, 3, 36625);
data.setCell(9, 0, 9)
data.setCell(9, 1, 'testCommonQueriesResponseQuality')
data.setCell(9, 2, 'tests.AIResponseTests')
data.setCell(9, 3, 36608);
data.setCell(10, 0, 10)
data.setCell(10, 1, 'testResponseFormatting')
data.setCell(10, 2, 'tests.AIResponseTests')
data.setCell(10, 3, 36450);
data.setCell(11, 0, 11)
data.setCell(11, 1, 'testFallbackMessages')
data.setCell(11, 2, 'tests.AIResponseTests')
data.setCell(11, 3, 36422);
data.setCell(12, 0, 12)
data.setCell(12, 1, 'testChatInterfaceLoads')
data.setCell(12, 2, 'tests.ChatbotUITests')
data.setCell(12, 3, 10258);
data.setCell(13, 0, 13)
data.setCell(13, 1, 'testChatInterfaceLoads')
data.setCell(13, 2, 'tests.ChatbotUITests')
data.setCell(13, 3, 10225);
data.setCell(14, 0, 14)
data.setCell(14, 1, 'testLongInputHandling')
data.setCell(14, 2, 'tests.SecurityTests')
data.setCell(14, 3, 9285);
data.setCell(15, 0, 15)
data.setCell(15, 1, 'testLongInputHandling')
data.setCell(15, 2, 'tests.SecurityTests')
data.setCell(15, 3, 9271);
data.setCell(16, 0, 16)
data.setCell(16, 1, 'testPromptInjectionHandling')
data.setCell(16, 2, 'tests.SecurityTests')
data.setCell(16, 3, 5545);
data.setCell(17, 0, 17)
data.setCell(17, 1, 'testResponseRendering')
data.setCell(17, 2, 'tests.ChatbotUITests')
data.setCell(17, 3, 5488);
data.setCell(18, 0, 18)
data.setCell(18, 1, 'testScriptInjectionHandling')
data.setCell(18, 2, 'tests.SecurityTests')
data.setCell(18, 3, 5483);
data.setCell(19, 0, 19)
data.setCell(19, 1, 'testScriptInjectionHandling')
data.setCell(19, 2, 'tests.SecurityTests')
data.setCell(19, 3, 5471);
data.setCell(20, 0, 20)
data.setCell(20, 1, 'testPromptInjectionHandling')
data.setCell(20, 2, 'tests.SecurityTests')
data.setCell(20, 3, 5469);
data.setCell(21, 0, 21)
data.setCell(21, 1, 'testResponseRendering')
data.setCell(21, 2, 'tests.ChatbotUITests')
data.setCell(21, 3, 5398);
data.setCell(22, 0, 22)
data.setCell(22, 1, 'testInputClearAfterSend')
data.setCell(22, 2, 'tests.ChatbotUITests')
data.setCell(22, 3, 2409);
data.setCell(23, 0, 23)
data.setCell(23, 1, 'testInputClearAfterSend')
data.setCell(23, 2, 'tests.ChatbotUITests')
data.setCell(23, 3, 2361);
data.setCell(24, 0, 24)
data.setCell(24, 1, 'testResponseTime')
data.setCell(24, 2, 'tests.AIResponseTests')
data.setCell(24, 3, 719);
data.setCell(25, 0, 25)
data.setCell(25, 1, 'testResponseTime')
data.setCell(25, 2, 'tests.AIResponseTests')
data.setCell(25, 3, 651);
window.suiteTableData['U_Ask_Chatbot_Test_Suite']= { tableData: data, tableDiv: 'times-div-U_Ask_Chatbot_Test_Suite'}
return data;
}
              </script>
              <span class="suite-total-time">Total running time: 5 minutes</span>
              <div id="times-div-U_Ask_Chatbot_Test_Suite">
              </div> <!-- times-div-U_Ask_Chatbot_Test_Suite -->
            </div> <!-- times-div -->
          </div> <!-- main-panel-content rounded-window-bottom -->
        </div> <!-- panel -->
        <div panel-name="reporter-U_Ask_Chatbot_Test_Suite" class="panel">
          <div class="main-panel-header rounded-window-top">
            <span class="header-content">Reporter output for U-Ask Chatbot Test Suite</span>
          </div> <!-- main-panel-header rounded-window-top -->
          <div class="main-panel-content rounded-window-bottom">
          </div> <!-- main-panel-content rounded-window-bottom -->
        </div> <!-- panel -->
        <div panel-name="ignored-methods-U_Ask_Chatbot_Test_Suite" class="panel">
          <div class="main-panel-header rounded-window-top">
            <span class="header-content">0 ignored methods</span>
          </div> <!-- main-panel-header rounded-window-top -->
          <div class="main-panel-content rounded-window-bottom">
          </div> <!-- main-panel-content rounded-window-bottom -->
        </div> <!-- panel -->
        <div panel-name="chronological-U_Ask_Chatbot_Test_Suite" class="panel">
          <div class="main-panel-header rounded-window-top">
            <span class="header-content">Methods in chronological order</span>
          </div> <!-- main-panel-header rounded-window-top -->
          <div class="main-panel-content rounded-window-bottom">
            <div class="chronological-class">
              <div class="chronological-class-name">tests.ChatbotUITests</div> <!-- chronological-class-name -->
              <div class="configuration-method before">
                <span class="method-name">setUp(en)</span>
                <span class="method-start">0 ms</span>
              </div> <!-- configuration-method before -->
              <div class="test-method">
                <img src="failed.png">
                </img>
                <span class="method-name">testChatInterfaceLoads</span>
                <span class="method-start">2965 ms</span>
              </div> <!-- test-method -->
              <div class="configuration-method after">
                <span class="method-name">tearDown</span>
                <span class="method-start">13226 ms</span>
              </div> <!-- configuration-method after -->
              <div class="configuration-method before">
                <span class="method-name">setUp(en)</span>
                <span class="method-start">13324 ms</span>
              </div> <!-- configuration-method before -->
              <div class="test-method">
                <span class="method-name">testInputClearAfterSend</span>
                <span class="method-start">14938 ms</span>
              </div> <!-- test-method -->
              <div class="configuration-method after">
                <span class="method-name">tearDown</span>
                <span class="method-start">17300 ms</span>
              </div> <!-- configuration-method after -->
              <div class="configuration-method before">
                <span class="method-name">setUp(en)</span>
                <span class="method-start">17396 ms</span>
              </div> <!-- configuration-method before -->
              <div class="test-method">
                <span class="method-name">testMessageSendFunctionality</span>
                <span class="method-start">19079 ms</span>
              </div> <!-- test-method -->
              <div class="configuration-method after">
                <span class="method-name">tearDown</span>
                <span class="method-start">60624 ms</span>
              </div> <!-- configuration-method after -->
              <div class="configuration-method before">
                <span class="method-name">setUp(en)</span>
                <span class="method-start">60746 ms</span>
              </div> <!-- configuration-method before -->
              <div class="test-method">
                <span class="method-name">testResponseRendering</span>
                <span class="method-start">62290 ms</span>
              </div> <!-- test-method -->
              <div class="configuration-method after">
                <span class="method-name">tearDown</span>
                <span class="method-start">67778 ms</span>
              </div> <!-- configuration-method after -->
              <div class="configuration-method before">
                <span class="method-name">setUp(en)</span>
                <span class="method-start">67874 ms</span>
              </div> <!-- configuration-method before -->
              <div class="test-method">
                <img src="failed.png">
                </img>
                <span class="method-name">testScrollFunctionality</span>
                <span class="method-start">69467 ms</span>
              </div> <!-- test-method -->
              <div class="configuration-method after">
                <span class="method-name">tearDown</span>
                <span class="method-start">107161 ms</span>
              </div> <!-- configuration-method after -->
            </div> <!-- chronological-class -->
            <div class="chronological-class">
              <div class="chronological-class-name">tests.AIResponseTests</div> <!-- chronological-class-name -->
              <div class="configuration-method before">
                <span class="method-name">setUp(en)</span>
                <span class="method-start">107312 ms</span>
              </div> <!-- configuration-method before -->
              <div class="test-method">
                <img src="failed.png">
                </img>
                <span class="method-name">testCommonQueriesResponseQuality</span>
                <span class="method-start">108911 ms</span>
              </div> <!-- test-method -->
              <div class="configuration-method after">
                <span class="method-name">tearDown</span>
                <span class="method-start">145520 ms</span>
              </div> <!-- configuration-method after -->
              <div class="configuration-method before">
                <span class="method-name">setUp(en)</span>
                <span class="method-start">145654 ms</span>
              </div> <!-- configuration-method before -->
              <div class="test-method">
                <span class="method-name">testFallbackMessages</span>
                <span class="method-start">149895 ms</span>
              </div> <!-- test-method -->
              <div class="configuration-method after">
                <span class="method-name">tearDown</span>
                <span class="method-start">186318 ms</span>
              </div> <!-- configuration-method after -->
              <div class="configuration-method before">
                <span class="method-name">setUp(en)</span>
                <span class="method-start">186429 ms</span>
              </div> <!-- configuration-method before -->
              <div class="test-method">
                <img src="failed.png">
                </img>
                <span class="method-name">testResponseFormatting</span>
                <span class="method-start">188268 ms</span>
              </div> <!-- test-method -->
              <div class="configuration-method after">
                <span class="method-name">tearDown</span>
                <span class="method-start">224895 ms</span>
              </div> <!-- configuration-method after -->
              <div class="configuration-method before">
                <span class="method-name">setUp(en)</span>
                <span class="method-start">225076 ms</span>
              </div> <!-- configuration-method before -->
              <div class="test-method">
                <span class="method-name">testResponseTime</span>
                <span class="method-start">226791 ms</span>
              </div> <!-- test-method -->
              <div class="configuration-method after">
                <span class="method-name">tearDown</span>
                <span class="method-start">227510 ms</span>
              </div> <!-- configuration-method after -->
            </div> <!-- chronological-class -->
            <div class="chronological-class">
              <div class="chronological-class-name">tests.SecurityTests</div> <!-- chronological-class-name -->
              <div class="configuration-method before">
                <span class="method-name">setUp(en)</span>
                <span class="method-start">227606 ms</span>
              </div> <!-- configuration-method before -->
              <div class="test-method">
                <img src="failed.png">
                </img>
                <span class="method-name">testLongInputHandling</span>
                <span class="method-start">229118 ms</span>
              </div> <!-- test-method -->
              <div class="configuration-method after">
                <span class="method-name">tearDown</span>
                <span class="method-start">238390 ms</span>
              </div> <!-- configuration-method after -->
              <div class="configuration-method before">
                <span class="method-name">setUp(en)</span>
                <span class="method-start">238489 ms</span>
              </div> <!-- configuration-method before -->
              <div class="test-method">
                <span class="method-name">testPromptInjectionHandling</span>
                <span class="method-start">239964 ms</span>
              </div> <!-- test-method -->
              <div class="configuration-method after">
                <span class="method-name">tearDown</span>
                <span class="method-start">245434 ms</span>
              </div> <!-- configuration-method after -->
              <div class="configuration-method before">
                <span class="method-name">setUp(en)</span>
                <span class="method-start">245531 ms</span>
              </div> <!-- configuration-method before -->
              <div class="test-method">
                <img src="failed.png">
                </img>
                <span class="method-name">testScriptInjectionHandling</span>
                <span class="method-start">247133 ms</span>
              </div> <!-- test-method -->
              <div class="configuration-method after">
                <span class="method-name">tearDown</span>
                <span class="method-start">252617 ms</span>
              </div> <!-- configuration-method after -->
              <div class="configuration-method before">
                <span class="method-name">setUp(en)</span>
                <span class="method-start">252716 ms</span>
              </div> <!-- configuration-method before -->
              <div class="test-method">
                <img src="failed.png">
                </img>
                <span class="method-name">testSpecialCharactersHandling</span>
                <span class="method-start">254407 ms</span>
              </div> <!-- test-method -->
              <div class="configuration-method after">
                <span class="method-name">tearDown</span>
                <span class="method-start">293957 ms</span>
              </div> <!-- configuration-method after -->
            </div> <!-- chronological-class -->
            <div class="chronological-class">
              <div class="chronological-class-name">tests.ChatbotUITests</div> <!-- chronological-class-name -->
              <div class="configuration-method before">
                <span class="method-name">setUp(ar)</span>
                <span class="method-start">294247 ms</span>
              </div> <!-- configuration-method before -->
              <div class="test-method">
                <img src="failed.png">
                </img>
                <span class="method-name">testChatInterfaceLoads</span>
                <span class="method-start">295902 ms</span>
              </div> <!-- test-method -->
              <div class="configuration-method after">
                <span class="method-name">tearDown</span>
                <span class="method-start">306127 ms</span>
              </div> <!-- configuration-method after -->
              <div class="configuration-method before">
                <span class="method-name">setUp(ar)</span>
                <span class="method-start">306229 ms</span>
              </div> <!-- configuration-method before -->
              <div class="test-method">
                <img src="failed.png">
                </img>
                <span class="method-name">testInputClearAfterSend</span>
                <span class="method-start">307940 ms</span>
              </div> <!-- test-method -->
              <div class="configuration-method after">
                <span class="method-name">tearDown</span>
                <span class="method-start">310350 ms</span>
              </div> <!-- configuration-method after -->
              <div class="configuration-method before">
                <span class="method-name">setUp(ar)</span>
                <span class="method-start">310400 ms</span>
              </div> <!-- configuration-method before -->
              <div class="test-method">
                <span class="method-name">testMessageSendFunctionality</span>
                <span class="method-start">311884 ms</span>
              </div> <!-- test-method -->
              <div class="configuration-method after">
                <span class="method-name">tearDown</span>
                <span class="method-start">357575 ms</span>
              </div> <!-- configuration-method after -->
              <div class="configuration-method before">
                <span class="method-name">setUp(ar)</span>
                <span class="method-start">357686 ms</span>
              </div> <!-- configuration-method before -->
              <div class="test-method">
                <span class="method-name">testResponseRendering</span>
                <span class="method-start">359274 ms</span>
              </div> <!-- test-method -->
              <div class="configuration-method after">
                <span class="method-name">tearDown</span>
                <span class="method-start">364672 ms</span>
              </div> <!-- configuration-method after -->
              <div class="configuration-method before">
                <span class="method-name">setUp(ar)</span>
                <span class="method-start">364796 ms</span>
              </div> <!-- configuration-method before -->
              <div class="test-method">
                <img src="failed.png">
                </img>
                <span class="method-name">testScrollFunctionality</span>
                <span class="method-start">367786 ms</span>
              </div> <!-- test-method -->
              <div class="configuration-method after">
                <span class="method-name">tearDown</span>
                <span class="method-start">405361 ms</span>
              </div> <!-- configuration-method after -->
            </div> <!-- chronological-class -->
            <div class="chronological-class">
              <div class="chronological-class-name">tests.AIResponseTests</div> <!-- chronological-class-name -->
              <div class="configuration-method before">
                <span class="method-name">setUp(ar)</span>
                <span class="method-start">405494 ms</span>
              </div> <!-- configuration-method before -->
              <div class="test-method">
                <img src="failed.png">
                </img>
                <span class="method-name">testCommonQueriesResponseQuality</span>
                <span class="method-start">407243 ms</span>
              </div> <!-- test-method -->
              <div class="configuration-method after">
                <span class="method-name">tearDown</span>
                <span class="method-start">443977 ms</span>
              </div> <!-- configuration-method after -->
              <div class="configuration-method before">
                <span class="method-name">setUp(ar)</span>
                <span class="method-start">444102 ms</span>
              </div> <!-- configuration-method before -->
              <div class="test-method">
                <img src="failed.png">
                </img>
                <span class="method-name">testFallbackMessages</span>
                <span class="method-start">445844 ms</span>
              </div> <!-- test-method -->
              <div class="configuration-method after">
                <span class="method-name">tearDown</span>
                <span class="method-start">482494 ms</span>
              </div> <!-- configuration-method after -->
              <div class="configuration-method before">
                <span class="method-name">setUp(ar)</span>
                <span class="method-start">482620 ms</span>
              </div> <!-- configuration-method before -->
              <div class="test-method">
                <img src="failed.png">
                </img>
                <span class="method-name">testResponseFormatting</span>
                <span class="method-start">485329 ms</span>
              </div> <!-- test-method -->
              <div class="configuration-method after">
                <span class="method-name">tearDown</span>
                <span class="method-start">521781 ms</span>
              </div> <!-- configuration-method after -->
              <div class="configuration-method before">
                <span class="method-name">setUp(ar)</span>
                <span class="method-start">521903 ms</span>
              </div> <!-- configuration-method before -->
              <div class="test-method">
                <span class="method-name">testResponseTime</span>
                <span class="method-start">523697 ms</span>
              </div> <!-- test-method -->
              <div class="configuration-method after">
                <span class="method-name">tearDown</span>
                <span class="method-start">524348 ms</span>
              </div> <!-- configuration-method after -->
            </div> <!-- chronological-class -->
            <div class="chronological-class">
              <div class="chronological-class-name">tests.SecurityTests</div> <!-- chronological-class-name -->
              <div class="configuration-method before">
                <span class="method-name">setUp(ar)</span>
                <span class="method-start">524454 ms</span>
              </div> <!-- configuration-method before -->
              <div class="test-method">
                <span class="method-name">testLongInputHandling</span>
                <span class="method-start">526061 ms</span>
              </div> <!-- test-method -->
              <div class="configuration-method after">
                <span class="method-name">tearDown</span>
                <span class="method-start">535347 ms</span>
              </div> <!-- configuration-method after -->
              <div class="configuration-method before">
                <span class="method-name">setUp(ar)</span>
                <span class="method-start">535456 ms</span>
              </div> <!-- configuration-method before -->
              <div class="test-method">
                <img src="failed.png">
                </img>
                <span class="method-name">testPromptInjectionHandling</span>
                <span class="method-start">536932 ms</span>
              </div> <!-- test-method -->
              <div class="configuration-method after">
                <span class="method-name">tearDown</span>
                <span class="method-start">542478 ms</span>
              </div> <!-- configuration-method after -->
              <div class="configuration-method before">
                <span class="method-name">setUp(ar)</span>
                <span class="method-start">542578 ms</span>
              </div> <!-- configuration-method before -->
              <div class="test-method">
                <img src="failed.png">
                </img>
                <span class="method-name">testScriptInjectionHandling</span>
                <span class="method-start">544384 ms</span>
              </div> <!-- test-method -->
              <div class="configuration-method after">
                <span class="method-name">tearDown</span>
                <span class="method-start">549856 ms</span>
              </div> <!-- configuration-method after -->
              <div class="configuration-method before">
                <span class="method-name">setUp(ar)</span>
                <span class="method-start">549958 ms</span>
              </div> <!-- configuration-method before -->
              <div class="test-method">
                <img src="failed.png">
                </img>
                <span class="method-name">testSpecialCharactersHandling</span>
                <span class="method-start">551079 ms</span>
              </div> <!-- test-method -->
              <div class="configuration-method after">
                <span class="method-name">tearDown</span>
                <span class="method-start">599473 ms</span>
              </div> <!-- configuration-method after -->
          </div> <!-- main-panel-content rounded-window-bottom -->
        </div> <!-- panel -->
      </div> <!-- main-panel-root -->
    </div> <!-- wrapper -->
  </body>
<script type="text/javascript" src="testng-reports2.js"></script>
</html>
